Loading baseline models...
1 model families loaded:
 surprise: surprise_svd, surprise_knn, ; 

[load_dataset] Valid: (1176952, 3)
[load_dataset] Valid: (1176952, 3)
Splitting data for training...
[split_dataset] Valid: (1176952, 3)
Results of split:    User  Movie  Rating
0  4292    161       3
1  7913    757       4
2  7963    418       2
3  8809    168       2
4  4814    416       4; 
    User  Movie  Rating
0  1207    877       3
1  2337    179       3
2  4221    971       4
3  2306    148       5
4  3092    188       4
Predicting using algo: <function surprise_algo at 0x7f0bfd823378>, model: surprise...
Time: 0:00:00.000025, predicting with model: surprise_svd
[prepare_surprise_data] Saving to surprise_train.csv, surprise_test.csv...
Start prediction...
Postprocessing predictions...
Time: 0:04:21.480133, Saving results of surprise_svd...

Time: 0:04:23.489750, predicting with model: surprise_knn
[prepare_surprise_data] Saving to surprise_train.csv, surprise_test.csv...
Start prediction...
Estimating biases using als...
Computing the pearson_baseline similarity matrix...
Done computing similarity matrix.
Postprocessing predictions...
Time: 0:06:32.542084, Saving results of surprise_knn...

Saving ground_truth to ./predict_save/ground_truth(0:06:34.600567).csv
