Loading baseline models...
1 model families loaded:
 mrff: mrff, ; 

[load_dataset] Valid: (1176952, 3)
[load_dataset] Valid: (1176952, 3)
Splitting data for training...
[split_dataset] Valid: (1176952, 3)
Results of split:    User  Movie  Rating
0  4292    161       3
1  7913    757       4
2  7963    418       2
3  8809    168       2
4  4814    416       4; 
    User  Movie  Rating
0  1207    877       3
1  2337    179       3
2  4221    971       4
3  2306    148       5
4  3092    188       4
Predicting using algo: <function mf_rr_algo at 0x7f0bc9c60488>, model: mrff...
Time: 0:00:00.000020, predicting with model: mrff
MF-RR training RMSE : 0.9879245948299586
MF-RR training RMSE : 0.9729630268516549
MF-RR training RMSE : 0.9610330393767033
MF-RR training RMSE : 0.9540864506083319
MF-RR training RMSE : 0.9499097559366247
MF-RR training RMSE : 0.9474212319021378
MF-RR training RMSE : 0.9459951182531635
MF-RR training RMSE : 0.9452308787690457
MF-RR training RMSE : 0.9449040478351699
MF-RR training RMSE : 0.9448675537846555
MF-RR training RMSE : 0.9450233285756233
MF-RR training RMSE : 0.9453053309979094
MF-RR training RMSE : 0.9456678955988836
MF-RR training RMSE : 0.9460788854092566
MF-RR training RMSE : 0.9465152613266582
MF-RR training RMSE : 0.9469604506246581
MF-RR training RMSE : 0.9474030817681383
MF-RR training RMSE : 0.9478352383570953
MF-RR training RMSE : 0.9482516318088444
MF-RR training RMSE : 0.948648712390921
MF-RR training RMSE : 0.9490242941920475
MF-RR training RMSE : 0.9493770982968094
MF-RR training RMSE : 0.9497066618030037
MF-RR training RMSE : 0.9500130800385267
MF-RR training RMSE : 0.9502968049029646
MF-RR training RMSE : 0.9505586143543678
MF-RR training RMSE : 0.9507994487550792
MF-RR training RMSE : 0.9510203938503848
MF-RR training RMSE : 0.9512226068123707
MF-RR training RMSE : 0.951407264559363
MF-RR training RMSE : 0.9515755599802214
MF-RR training RMSE : 0.9517286201562285
MF-RR training RMSE : 0.9518675921483656
MF-RR training RMSE : 0.9519935372755605
MF-RR training RMSE : 0.9521074989184524
MF-RR training RMSE : 0.9522104410527177
MF-RR training RMSE : 0.9523032542032378
MF-RR training RMSE : 0.9523867780221879
MF-RR training RMSE : 0.9524617996381337
MF-RR training RMSE : 0.952529038006122
MF-RR training RMSE : 0.9525891716293617
MF-RR training RMSE : 0.9526428182749919
MF-RR training RMSE : 0.9526905407932765
MF-RR training RMSE : 0.9527328712629745
MF-RR training RMSE : 0.9527702985453357
MF-RR training RMSE : 0.9528032628189862
MF-RR training RMSE : 0.9528321698394436
MF-RR training RMSE : 0.9528574032017689
MF-RR training RMSE : 0.952879302448681
MF-RR training RMSE : 0.9528981775733836
Time: 1:31:45.786328, Saving results of mrff...

Saving ground_truth to ./predict_save/ground_truth_1:31:59.497308.csv
[load_dataset] Valid: (1176952, 3)
[load_dataset] Valid: (1176952, 3)
Predicting using algo: <function mf_rr_algo at 0x7f0bc9c60488>, model: mrff...
Time: 0:00:00.000034, predicting with model: mrff
MF-RR training RMSE : 0.9837158815311132
MF-RR training RMSE : 0.9628187346484915
MF-RR training RMSE : 0.9499999583543305
MF-RR training RMSE : 0.9432731317476305
MF-RR training RMSE : 0.9395766136764903
MF-RR training RMSE : 0.9373713588455914
MF-RR training RMSE : 0.9359536831513265
MF-RR training RMSE : 0.9349873275626176
MF-RR training RMSE : 0.9343053394997693
MF-RR training RMSE : 0.9338174026696329
MF-RR training RMSE : 0.9334727437108521
MF-RR training RMSE : 0.933235312834578
MF-RR training RMSE : 0.9330790319139356
MF-RR training RMSE : 0.9329850217162582
MF-RR training RMSE : 0.9329390125942938
MF-RR training RMSE : 0.9329303140043317
Converge!
Time: 0:45:35.480403, Saving results of mrff...

