Loading surprise1_user_std models...
1 model families loaded:
 surprise_user_std: surprise_svd_user_std, surprise_knn_user_std, ; 

[load_dataset] Valid: (1176952, 3)
[load_dataset] Valid: (1176952, 3)
Splitting data for training...
[split_dataset] Valid: (1176952, 3)
Results of split:    User  Movie  Rating
0  4292    161       3
1  7913    757       4
2  7963    418       2
3  8809    168       2
4  4814    416       4; 
    User  Movie  Rating
0  1207    877       3
1  2337    179       3
2  4221    971       4
3  2306    148       5
4  3092    188       4
Predicting using algo: <function surprise_algo_user_std at 0x7fae6b2d4d90>, model: surprise_user_std...
Time: 0:00:00.000017, predicting with model: surprise_svd_user_std
[prepare_surprise_data] Saving to surprise_train.csv, surprise_test.csv...
Start prediction...
Postprocessing predictions...
Time: 0:12:35.930233, Saving results of surprise_svd_user_std...

Time: 0:12:41.279555, predicting with model: surprise_knn_user_std
[prepare_surprise_data] Saving to surprise_train.csv, surprise_test.csv...
Start prediction...
Estimating biases using als...
Computing the pearson_baseline similarity matrix...
Done computing similarity matrix.
Postprocessing predictions...
Time: 0:20:00.919363, Saving results of surprise_knn_user_std...

Saving ground_truth to ./user_std_predict_save/ground_truth_0:20:06.089432.csv
[load_dataset] Valid: (1176952, 3)
[load_dataset] Valid: (1176952, 3)
Predicting using algo: <function surprise_algo_user_std at 0x7fae6b2d4d90>, model: surprise_user_std...
Time: 0:00:00.000033, predicting with model: surprise_svd_user_std
[prepare_surprise_data] Saving to surprise_train.csv, surprise_test.csv...
Start prediction...
Postprocessing predictions...
Time: 0:46:18.438040, Saving results of surprise_svd_user_std...

Time: 0:46:47.210573, predicting with model: surprise_knn_user_std
[prepare_surprise_data] Saving to surprise_train.csv, surprise_test.csv...
Start prediction...
Estimating biases using als...
Computing the pearson_baseline similarity matrix...
Done computing similarity matrix.
Postprocessing predictions...
Time: 1:29:27.622339, Saving results of surprise_knn_user_std...

