Loading pyfm_user_std models...
1 model families loaded:
 pyfm_user_std: pyfm_user_std, ; 

[load_dataset] Valid: (1176952, 3)
[load_dataset] Valid: (1176952, 3)
Splitting data for training...
[split_dataset] Valid: (1176952, 3)
Results of split:    User  Movie  Rating
0  4292    161       3
1  7913    757       4
2  7963    418       2
3  8809    168       2
4  4814    416       4; 
    User  Movie  Rating
0  1207    877       3
1  2337    179       3
2  4221    971       4
3  2306    148       5
4  3092    188       4
Predicting using algo: <function pyfm_algo_user_std at 0x7f6651c2ee18>, model: pyfm_user_std...
Time: 0:00:00.000017, predicting with model: pyfm_user_std
Creating validation dataset of 0.01 of training for adaptive regularization
-- Epoch 1
Training MSE: 0.52808
-- Epoch 2
Training MSE: 0.49861
-- Epoch 3
Training MSE: 0.49374
-- Epoch 4
Training MSE: 0.49117
-- Epoch 5
Training MSE: 0.48939
-- Epoch 6
Training MSE: 0.48798
-- Epoch 7
Training MSE: 0.48688
-- Epoch 8
Training MSE: 0.48587
-- Epoch 9
Training MSE: 0.48486
-- Epoch 10
Training MSE: 0.48399
-- Epoch 11
Training MSE: 0.48304
-- Epoch 12
Training MSE: 0.48213
-- Epoch 13
Training MSE: 0.48121
-- Epoch 14
Training MSE: 0.48013
-- Epoch 15
Training MSE: 0.47905
-- Epoch 16
Training MSE: 0.47792
-- Epoch 17
Training MSE: 0.47669
-- Epoch 18
Training MSE: 0.47547
-- Epoch 19
Training MSE: 0.47418
-- Epoch 20
Training MSE: 0.47272
-- Epoch 21
Training MSE: 0.47128
-- Epoch 22
Training MSE: 0.46980
-- Epoch 23
Training MSE: 0.46812
-- Epoch 24
Training MSE: 0.46650
-- Epoch 25
Training MSE: 0.46482
-- Epoch 26
Training MSE: 0.46303
-- Epoch 27
Training MSE: 0.46125
-- Epoch 28
Training MSE: 0.45941
-- Epoch 29
Training MSE: 0.45753
-- Epoch 30
Training MSE: 0.45575
-- Epoch 31
Training MSE: 0.45394
-- Epoch 32
Training MSE: 0.45213
-- Epoch 33
Training MSE: 0.45044
-- Epoch 34
Training MSE: 0.44879
-- Epoch 35
Training MSE: 0.44718
-- Epoch 36
Training MSE: 0.44579
-- Epoch 37
Training MSE: 0.44444
-- Epoch 38
Training MSE: 0.44327
-- Epoch 39
Training MSE: 0.44217
-- Epoch 40
Training MSE: 0.44123
-- Epoch 41
Training MSE: 0.44036
-- Epoch 42
Training MSE: 0.43967
-- Epoch 43
Training MSE: 0.43909
-- Epoch 44
Training MSE: 0.43858
-- Epoch 45
Training MSE: 0.43815
-- Epoch 46
Training MSE: 0.43779
-- Epoch 47
Training MSE: 0.43747
-- Epoch 48
Training MSE: 0.43723
-- Epoch 49
Training MSE: 0.43703
-- Epoch 50
Training MSE: 0.43685
-- Epoch 51
Training MSE: 0.43681
-- Epoch 52
Training MSE: 0.43662
-- Epoch 53
Training MSE: 0.43652
-- Epoch 54
Training MSE: 0.43644
-- Epoch 55
Training MSE: 0.43646
-- Epoch 56
Training MSE: 0.43635
-- Epoch 57
Training MSE: 0.43638
-- Epoch 58
Training MSE: 0.43637
-- Epoch 59
Training MSE: 0.43630
-- Epoch 60
Training MSE: 0.43634
-- Epoch 61
Training MSE: 0.43631
-- Epoch 62
Training MSE: 0.43628
-- Epoch 63
Training MSE: 0.43633
-- Epoch 64
Training MSE: 0.43631
-- Epoch 65
Training MSE: 0.43640
-- Epoch 66
Training MSE: 0.43642
-- Epoch 67
Training MSE: 0.43640
-- Epoch 68
Training MSE: 0.43648
-- Epoch 69
Training MSE: 0.43650
-- Epoch 70
Training MSE: 0.43656
-- Epoch 71
Training MSE: 0.43663
-- Epoch 72
Training MSE: 0.43667
-- Epoch 73
Training MSE: 0.43673
-- Epoch 74
Training MSE: 0.43673
-- Epoch 75
Training MSE: 0.43681
-- Epoch 76
Training MSE: 0.43685
-- Epoch 77
Training MSE: 0.43692
-- Epoch 78
Training MSE: 0.43698
-- Epoch 79
Training MSE: 0.43712
-- Epoch 80
Training MSE: 0.43714
-- Epoch 81
Training MSE: 0.43719
-- Epoch 82
Training MSE: 0.43727
-- Epoch 83
Training MSE: 0.43733
-- Epoch 84
Training MSE: 0.43741
-- Epoch 85
Training MSE: 0.43747
-- Epoch 86
Training MSE: 0.43747
-- Epoch 87
Training MSE: 0.43764
-- Epoch 88
Training MSE: 0.43767
-- Epoch 89
Training MSE: 0.43773
-- Epoch 90
Training MSE: 0.43779
-- Epoch 91
Training MSE: 0.43788
-- Epoch 92
Training MSE: 0.43795
-- Epoch 93
Training MSE: 0.43800
-- Epoch 94
Training MSE: 0.43803
-- Epoch 95
Training MSE: 0.43808
-- Epoch 96
Training MSE: 0.43812
-- Epoch 97
Training MSE: 0.43818
-- Epoch 98
Training MSE: 0.43824
-- Epoch 99
Training MSE: 0.43828
-- Epoch 100
Training MSE: 0.43828
-- Epoch 101
Training MSE: 0.43838
-- Epoch 102
Training MSE: 0.43838
-- Epoch 103
Training MSE: 0.43842
-- Epoch 104
Training MSE: 0.43850
-- Epoch 105
Training MSE: 0.43845
-- Epoch 106
Training MSE: 0.43851
-- Epoch 107
Training MSE: 0.43849
-- Epoch 108
Training MSE: 0.43849
-- Epoch 109
Training MSE: 0.43855
-- Epoch 110
Training MSE: 0.43860
-- Epoch 111
Training MSE: 0.43860
-- Epoch 112
Training MSE: 0.43859
-- Epoch 113
Training MSE: 0.43855
-- Epoch 114
Training MSE: 0.43856
-- Epoch 115
Training MSE: 0.43854
-- Epoch 116
Training MSE: 0.43851
-- Epoch 117
Training MSE: 0.43850
-- Epoch 118
Training MSE: 0.43848
-- Epoch 119
Training MSE: 0.43841
-- Epoch 120
Training MSE: 0.43845
-- Epoch 121
Training MSE: 0.43840
-- Epoch 122
Training MSE: 0.43840
-- Epoch 123
Training MSE: 0.43831
-- Epoch 124
Training MSE: 0.43831
-- Epoch 125
Training MSE: 0.43826
-- Epoch 126
Training MSE: 0.43825
-- Epoch 127
Training MSE: 0.43818
-- Epoch 128
Training MSE: 0.43810
-- Epoch 129
Training MSE: 0.43803
-- Epoch 130
Training MSE: 0.43796
-- Epoch 131
Training MSE: 0.43791
-- Epoch 132
Training MSE: 0.43790
-- Epoch 133
Training MSE: 0.43781
-- Epoch 134
Training MSE: 0.43770
-- Epoch 135
Training MSE: 0.43766
-- Epoch 136
Training MSE: 0.43759
-- Epoch 137
Training MSE: 0.43750
-- Epoch 138
Training MSE: 0.43739
-- Epoch 139
Training MSE: 0.43734
-- Epoch 140
Training MSE: 0.43728
-- Epoch 141
Training MSE: 0.43715
-- Epoch 142
Training MSE: 0.43710
-- Epoch 143
Training MSE: 0.43695
-- Epoch 144
Training MSE: 0.43687
-- Epoch 145
Training MSE: 0.43678
-- Epoch 146
Training MSE: 0.43667
-- Epoch 147
Training MSE: 0.43658
-- Epoch 148
Training MSE: 0.43651
-- Epoch 149
Training MSE: 0.43641
-- Epoch 150
Training MSE: 0.43631
-- Epoch 151
Training MSE: 0.43618
-- Epoch 152
Training MSE: 0.43606
-- Epoch 153
Training MSE: 0.43605
-- Epoch 154
Training MSE: 0.43587
-- Epoch 155
Training MSE: 0.43578
-- Epoch 156
Training MSE: 0.43569
-- Epoch 157
Training MSE: 0.43554
-- Epoch 158
Training MSE: 0.43546
-- Epoch 159
Training MSE: 0.43536
-- Epoch 160
Training MSE: 0.43524
-- Epoch 161
Training MSE: 0.43514
-- Epoch 162
Training MSE: 0.43508
-- Epoch 163
Training MSE: 0.43491
-- Epoch 164
Training MSE: 0.43485
-- Epoch 165
Training MSE: 0.43472
-- Epoch 166
Training MSE: 0.43460
-- Epoch 167
Training MSE: 0.43449
-- Epoch 168
Training MSE: 0.43438
-- Epoch 169
Training MSE: 0.43432
-- Epoch 170
Training MSE: 0.43417
-- Epoch 171
Training MSE: 0.43411
-- Epoch 172
Training MSE: 0.43403
-- Epoch 173
Training MSE: 0.43388
-- Epoch 174
Training MSE: 0.43383
-- Epoch 175
Training MSE: 0.43369
-- Epoch 176
Training MSE: 0.43357
-- Epoch 177
Training MSE: 0.43352
-- Epoch 178
Training MSE: 0.43340
-- Epoch 179
Training MSE: 0.43325
-- Epoch 180
Training MSE: 0.43319
-- Epoch 181
Training MSE: 0.43304
-- Epoch 182
Training MSE: 0.43293
-- Epoch 183
Training MSE: 0.43289
-- Epoch 184
Training MSE: 0.43278
-- Epoch 185
Training MSE: 0.43262
-- Epoch 186
Training MSE: 0.43260
-- Epoch 187
Training MSE: 0.43250
-- Epoch 188
Training MSE: 0.43233
-- Epoch 189
Training MSE: 0.43224
-- Epoch 190
Training MSE: 0.43212
-- Epoch 191
Training MSE: 0.43202
-- Epoch 192
Training MSE: 0.43198
-- Epoch 193
Training MSE: 0.43179
-- Epoch 194
Training MSE: 0.43172
-- Epoch 195
Training MSE: 0.43164
-- Epoch 196
Training MSE: 0.43152
-- Epoch 197
Training MSE: 0.43140
-- Epoch 198
Training MSE: 0.43136
-- Epoch 199
Training MSE: 0.43114
-- Epoch 200
Training MSE: 0.43110
