Loading baseline models...
1 model families loaded:
 als: als, ; 

[load_dataset] Valid: (1176952, 3)
[load_dataset] Valid: (1176952, 3)
Splitting data for training...
[split_dataset] Valid: (1176952, 3)
Results of split:    User  Movie  Rating
0  4292    161       3
1  7913    757       4
2  7963    418       2
3  8809    168       2
4  4814    416       4; 
    User  Movie  Rating
0  1207    877       3
1  2337    179       3
2  4221    971       4
3  2306    148       5
4  3092    188       4
Predicting using algo: <function als_algo at 0x7f4508f94ea0>, model: als...
Time: 0:00:00.000015, predicting with model: als
ALS Final training RMSE : 0.8373030259731442
[als_algo] prediction:     User  Movie    Rating
67     1     68  3.850664
83     1     84  4.596710
205    1    206  4.390839
309    1    310  5.220681
471    1    472  4.045426
Time: 1:08:09.497650, Saving results of als...

Saving ground_truth to ./user_std_predict_save/ground_truth_1:08:11.762703.csv
[load_dataset] Valid: (1176952, 3)
[load_dataset] Valid: (1176952, 3)
Predicting using algo: <function als_algo at 0x7f4508f94ea0>, model: als...
Time: 0:00:00.000030, predicting with model: als
ALS Final training RMSE : 0.9267636694235937
[als_algo] prediction:     User  Movie    Rating
3      1      4  4.002594
7      1      8  3.879558
20     1     21  3.560052
101    1    102  4.057535
126    1    127  3.045661
Time: 1:58:35.948367, Saving results of als...

