Estimating biases using als...
Computing the pearson_baseline similarity matrix...
Done computing similarity matrix.
RMSE: 1.0005
Estimating biases using als...
Computing the pearson_baseline similarity matrix...
Done computing similarity matrix.
RMSE: 0.9977
Estimating biases using als...
Computing the pearson_baseline similarity matrix...
Done computing similarity matrix.
RMSE: 1.0014
Estimating biases using als...
Computing the pearson_baseline similarity matrix...
Done computing similarity matrix.
RMSE: 0.9995
Estimating biases using als...
Computing the pearson_baseline similarity matrix...
Done computing similarity matrix.
RMSE: 0.9996
------Time:17871 days, 20:34:25.366756, rmse: 0.9997348855174926, k: 40, name: pearson_baseline, user_based: True------


Estimating biases using als...
Computing the pearson_baseline similarity matrix...
Done computing similarity matrix.
RMSE: 0.9891
Estimating biases using als...
Computing the pearson_baseline similarity matrix...
Done computing similarity matrix.
RMSE: 0.9911
Estimating biases using als...
Computing the pearson_baseline similarity matrix...
Done computing similarity matrix.
RMSE: 0.9919
Estimating biases using als...
Computing the pearson_baseline similarity matrix...
Done computing similarity matrix.
RMSE: 0.9914
Estimating biases using als...
Computing the pearson_baseline similarity matrix...
Done computing similarity matrix.
RMSE: 0.9916
------Time:17871 days, 20:42:40.118834, rmse: 0.991030779076652, k: 40, name: pearson_baseline, user_based: False------


Estimating biases using als...
Computing the pearson similarity matrix...
Done computing similarity matrix.
RMSE: 1.0122
Estimating biases using als...
Computing the pearson similarity matrix...
Done computing similarity matrix.
RMSE: 1.0100
Estimating biases using als...
Computing the pearson similarity matrix...
Done computing similarity matrix.
RMSE: 1.0118
Estimating biases using als...
Computing the pearson similarity matrix...
Done computing similarity matrix.
RMSE: 1.0084
Estimating biases using als...
Computing the pearson similarity matrix...
Done computing similarity matrix.
RMSE: 1.0111
------Time:17871 days, 21:54:40.480675, rmse: 1.0107273943367192, k: 40, name: pearson, user_based: True------


Estimating biases using als...
Computing the pearson similarity matrix...
Done computing similarity matrix.
RMSE: 0.9931
Estimating biases using als...
Computing the pearson similarity matrix...
Done computing similarity matrix.
RMSE: 0.9925
Estimating biases using als...
Computing the pearson similarity matrix...
Done computing similarity matrix.
RMSE: 0.9965
Estimating biases using als...
Computing the pearson similarity matrix...
Done computing similarity matrix.
RMSE: 0.9940
Estimating biases using als...
Computing the pearson similarity matrix...
Done computing similarity matrix.
RMSE: 0.9916
------Time:17871 days, 22:03:21.051728, rmse: 0.993532384102715, k: 40, name: pearson, user_based: False------


Estimating biases using als...
Computing the msd similarity matrix...
Done computing similarity matrix.
RMSE: 1.0098
Estimating biases using als...
Computing the msd similarity matrix...
Done computing similarity matrix.
RMSE: 1.0081
Estimating biases using als...
Computing the msd similarity matrix...
Done computing similarity matrix.
RMSE: 1.0112
Estimating biases using als...
Computing the msd similarity matrix...
Done computing similarity matrix.
RMSE: 1.0092
Estimating biases using als...
Computing the msd similarity matrix...
Done computing similarity matrix.
RMSE: 1.0105
------Time:17871 days, 22:56:29.782961, rmse: 1.0097703648109775, k: 40, name: msd, user_based: True------


Estimating biases using als...
Computing the msd similarity matrix...
Done computing similarity matrix.
RMSE: 0.9941
Estimating biases using als...
Computing the msd similarity matrix...
Done computing similarity matrix.
RMSE: 0.9944
Estimating biases using als...
Computing the msd similarity matrix...
Done computing similarity matrix.
RMSE: 0.9954
Estimating biases using als...
Computing the msd similarity matrix...
Done computing similarity matrix.
RMSE: 0.9939
Estimating biases using als...
Computing the msd similarity matrix...
Done computing similarity matrix.
RMSE: 0.9969
------Time:17871 days, 23:04:38.085401, rmse: 0.9949465748082202, k: 40, name: msd, user_based: False------


Estimating biases using als...
Computing the cosine similarity matrix...
Done computing similarity matrix.
RMSE: 1.0139
Estimating biases using als...
Computing the cosine similarity matrix...
Done computing similarity matrix.
RMSE: 1.0118
Estimating biases using als...
Computing the cosine similarity matrix...
Done computing similarity matrix.
RMSE: 1.0122
Estimating biases using als...
Computing the cosine similarity matrix...
Done computing similarity matrix.
RMSE: 1.0118
Estimating biases using als...
Computing the cosine similarity matrix...
Done computing similarity matrix.
RMSE: 1.0148
------Time:17872 days, 0:08:58.256582, rmse: 1.0128914759261716, k: 40, name: cosine, user_based: True------


Estimating biases using als...
Computing the cosine similarity matrix...
Done computing similarity matrix.
RMSE: 1.0002
Estimating biases using als...
Computing the cosine similarity matrix...
Done computing similarity matrix.
RMSE: 1.0012
Estimating biases using als...
Computing the cosine similarity matrix...
Done computing similarity matrix.
RMSE: 1.0004
Estimating biases using als...
Computing the cosine similarity matrix...
Done computing similarity matrix.
RMSE: 1.0030
Estimating biases using als...
Computing the cosine similarity matrix...
Done computing similarity matrix.
RMSE: 1.0010
------Time:17872 days, 0:17:22.466768, rmse: 1.001189946269647, k: 40, name: cosine, user_based: False------


Estimating biases using als...
Computing the pearson_baseline similarity matrix...
Done computing similarity matrix.
RMSE: 0.9963
Estimating biases using als...
Computing the pearson_baseline similarity matrix...
Done computing similarity matrix.
RMSE: 0.9964
Estimating biases using als...
Computing the pearson_baseline similarity matrix...
Done computing similarity matrix.
RMSE: 0.9943
Estimating biases using als...
Computing the pearson_baseline similarity matrix...
Done computing similarity matrix.
RMSE: 0.9982
Estimating biases using als...
Computing the pearson_baseline similarity matrix...
Done computing similarity matrix.
RMSE: 0.9962
------Time:17872 days, 1:28:09.163831, rmse: 0.9962755460061852, k: 60, name: pearson_baseline, user_based: True------


Estimating biases using als...
Computing the pearson_baseline similarity matrix...
Done computing similarity matrix.
RMSE: 0.9897
Estimating biases using als...
Computing the pearson_baseline similarity matrix...
Done computing similarity matrix.
RMSE: 0.9920
Estimating biases using als...
Computing the pearson_baseline similarity matrix...
Done computing similarity matrix.
RMSE: 0.9896
Estimating biases using als...
Computing the pearson_baseline similarity matrix...
Done computing similarity matrix.
RMSE: 0.9909
Estimating biases using als...
Computing the pearson_baseline similarity matrix...
Done computing similarity matrix.
RMSE: 0.9907
------Time:17872 days, 1:37:26.740620, rmse: 0.9905895210594254, k: 60, name: pearson_baseline, user_based: False------


Estimating biases using als...
Computing the pearson similarity matrix...
Done computing similarity matrix.
RMSE: 1.0039
Estimating biases using als...
Computing the pearson similarity matrix...
Done computing similarity matrix.
RMSE: 1.0053
Estimating biases using als...
Computing the pearson similarity matrix...
Done computing similarity matrix.
RMSE: 1.0069
Estimating biases using als...
Computing the pearson similarity matrix...
Done computing similarity matrix.
RMSE: 1.0058
Estimating biases using als...
Computing the pearson similarity matrix...
Done computing similarity matrix.
RMSE: 1.0045
------Time:17872 days, 2:52:16.811005, rmse: 1.005269761160942, k: 60, name: pearson, user_based: True------


Estimating biases using als...
Computing the pearson similarity matrix...
Done computing similarity matrix.
RMSE: 0.9948
Estimating biases using als...
Computing the pearson similarity matrix...
Done computing similarity matrix.
RMSE: 0.9916
Estimating biases using als...
Computing the pearson similarity matrix...
Done computing similarity matrix.
RMSE: 0.9940
Estimating biases using als...
Computing the pearson similarity matrix...
Done computing similarity matrix.
RMSE: 0.9916
Estimating biases using als...
Computing the pearson similarity matrix...
Done computing similarity matrix.
RMSE: 0.9896
------Time:17872 days, 3:02:08.605290, rmse: 0.9923330800827952, k: 60, name: pearson, user_based: False------


Estimating biases using als...
Computing the msd similarity matrix...
Done computing similarity matrix.
RMSE: 1.0069
Estimating biases using als...
Computing the msd similarity matrix...
Done computing similarity matrix.
RMSE: 1.0055
Estimating biases using als...
Computing the msd similarity matrix...
Done computing similarity matrix.
RMSE: 1.0038
Estimating biases using als...
Computing the msd similarity matrix...
Done computing similarity matrix.
RMSE: 1.0025
Estimating biases using als...
Computing the msd similarity matrix...
Done computing similarity matrix.
RMSE: 1.0054
------Time:17872 days, 3:59:05.346405, rmse: 1.0048080000202484, k: 60, name: msd, user_based: True------


Estimating biases using als...
Computing the msd similarity matrix...
Done computing similarity matrix.
RMSE: 0.9964
Estimating biases using als...
Computing the msd similarity matrix...
Done computing similarity matrix.
RMSE: 0.9924
Estimating biases using als...
Computing the msd similarity matrix...
Done computing similarity matrix.
RMSE: 0.9928
Estimating biases using als...
Computing the msd similarity matrix...
Done computing similarity matrix.
RMSE: 0.9944
Estimating biases using als...
Computing the msd similarity matrix...
Done computing similarity matrix.
RMSE: 0.9974
------Time:17872 days, 4:08:21.156610, rmse: 0.994671809561891, k: 60, name: msd, user_based: False------


Estimating biases using als...
Computing the cosine similarity matrix...
Done computing similarity matrix.
RMSE: 1.0083
Estimating biases using als...
Computing the cosine similarity matrix...
Done computing similarity matrix.
RMSE: 1.0055
Estimating biases using als...
Computing the cosine similarity matrix...
Done computing similarity matrix.
RMSE: 1.0079
Estimating biases using als...
Computing the cosine similarity matrix...
Done computing similarity matrix.
RMSE: 1.0071
Estimating biases using als...
Computing the cosine similarity matrix...
Done computing similarity matrix.
RMSE: 1.0076
------Time:17872 days, 5:15:11.694336, rmse: 1.0072646790613766, k: 60, name: cosine, user_based: True------


Estimating biases using als...
Computing the cosine similarity matrix...
Done computing similarity matrix.
RMSE: 0.9977
Estimating biases using als...
Computing the cosine similarity matrix...
Done computing similarity matrix.
RMSE: 1.0031
Estimating biases using als...
Computing the cosine similarity matrix...
Done computing similarity matrix.
RMSE: 0.9967
Estimating biases using als...
Computing the cosine similarity matrix...
Done computing similarity matrix.
RMSE: 1.0018
Estimating biases using als...
Computing the cosine similarity matrix...
Done computing similarity matrix.
RMSE: 1.0000
------Time:17872 days, 5:24:36.069290, rmse: 0.9998582365035119, k: 60, name: cosine, user_based: False------


Estimating biases using als...
Computing the pearson_baseline similarity matrix...
Done computing similarity matrix.
RMSE: 0.9942
Estimating biases using als...
Computing the pearson_baseline similarity matrix...
Done computing similarity matrix.
RMSE: 0.9956
Estimating biases using als...
Computing the pearson_baseline similarity matrix...
Done computing similarity matrix.
RMSE: 0.9963
Estimating biases using als...
Computing the pearson_baseline similarity matrix...
Done computing similarity matrix.
RMSE: 0.9952
Estimating biases using als...
Computing the pearson_baseline similarity matrix...
Done computing similarity matrix.
RMSE: 0.9923
------Time:17872 days, 6:35:27.539083, rmse: 0.9947171307340751, k: 80, name: pearson_baseline, user_based: True------


Estimating biases using als...
Computing the pearson_baseline similarity matrix...
Done computing similarity matrix.
RMSE: 0.9869
Estimating biases using als...
Computing the pearson_baseline similarity matrix...
Done computing similarity matrix.
RMSE: 0.9912
Estimating biases using als...
Computing the pearson_baseline similarity matrix...
Done computing similarity matrix.
RMSE: 0.9961
Estimating biases using als...
Computing the pearson_baseline similarity matrix...
Done computing similarity matrix.
RMSE: 0.9911
Estimating biases using als...
Computing the pearson_baseline similarity matrix...
Done computing similarity matrix.
RMSE: 0.9881
------Time:17872 days, 6:45:04.434633, rmse: 0.9906553949011165, k: 80, name: pearson_baseline, user_based: False------


Estimating biases using als...
Computing the pearson similarity matrix...
Done computing similarity matrix.
RMSE: 1.0035
Estimating biases using als...
Computing the pearson similarity matrix...
Done computing similarity matrix.
RMSE: 1.0039
Estimating biases using als...
Computing the pearson similarity matrix...
Done computing similarity matrix.
RMSE: 0.9998
Estimating biases using als...
Computing the pearson similarity matrix...
Done computing similarity matrix.
RMSE: 1.0030
Estimating biases using als...
Computing the pearson similarity matrix...
Done computing similarity matrix.
RMSE: 1.0016
------Time:17872 days, 8:03:30.518744, rmse: 1.002365379342153, k: 80, name: pearson, user_based: True------


Estimating biases using als...
Computing the pearson similarity matrix...
Done computing similarity matrix.
RMSE: 0.9953
Estimating biases using als...
Computing the pearson similarity matrix...
Done computing similarity matrix.
RMSE: 0.9921
Estimating biases using als...
Computing the pearson similarity matrix...
Done computing similarity matrix.
RMSE: 0.9898
Estimating biases using als...
Computing the pearson similarity matrix...
Done computing similarity matrix.
RMSE: 0.9908
Estimating biases using als...
Computing the pearson similarity matrix...
Done computing similarity matrix.
RMSE: 0.9918
------Time:17872 days, 8:14:07.812949, rmse: 0.9919812555422786, k: 80, name: pearson, user_based: False------


Estimating biases using als...
Computing the msd similarity matrix...
Done computing similarity matrix.
RMSE: 1.0042
Estimating biases using als...
Computing the msd similarity matrix...
Done computing similarity matrix.
RMSE: 1.0023
Estimating biases using als...
Computing the msd similarity matrix...
Done computing similarity matrix.
RMSE: 1.0028
Estimating biases using als...
Computing the msd similarity matrix...
Done computing similarity matrix.
RMSE: 1.0017
Estimating biases using als...
Computing the msd similarity matrix...
Done computing similarity matrix.
RMSE: 1.0022
------Time:17872 days, 9:13:57.376521, rmse: 1.0026329286800033, k: 80, name: msd, user_based: True------


Estimating biases using als...
Computing the msd similarity matrix...
Done computing similarity matrix.
RMSE: 0.9951
Estimating biases using als...
Computing the msd similarity matrix...
Done computing similarity matrix.
RMSE: 0.9962
Estimating biases using als...
Computing the msd similarity matrix...
Done computing similarity matrix.
RMSE: 0.9949
Estimating biases using als...
Computing the msd similarity matrix...
Done computing similarity matrix.
RMSE: 0.9959
Estimating biases using als...
Computing the msd similarity matrix...
Done computing similarity matrix.
RMSE: 0.9928
------Time:17872 days, 9:24:04.465941, rmse: 0.9949699687707139, k: 80, name: msd, user_based: False------


Estimating biases using als...
Computing the cosine similarity matrix...
Done computing similarity matrix.
RMSE: 1.0043
Estimating biases using als...
Computing the cosine similarity matrix...
Done computing similarity matrix.
RMSE: 1.0053
Estimating biases using als...
Computing the cosine similarity matrix...
Done computing similarity matrix.
RMSE: 1.0052
Estimating biases using als...
Computing the cosine similarity matrix...
Done computing similarity matrix.
RMSE: 1.0045
Estimating biases using als...
Computing the cosine similarity matrix...
Done computing similarity matrix.
RMSE: 1.0043
------Time:17872 days, 10:34:09.998116, rmse: 1.0047213954366028, k: 80, name: cosine, user_based: True------


Estimating biases using als...
Computing the cosine similarity matrix...
Done computing similarity matrix.
RMSE: 1.0020
Estimating biases using als...
Computing the cosine similarity matrix...
Done computing similarity matrix.
RMSE: 0.9997
Estimating biases using als...
Computing the cosine similarity matrix...
Done computing similarity matrix.
RMSE: 0.9971
Estimating biases using als...
Computing the cosine similarity matrix...
Done computing similarity matrix.
RMSE: 1.0001
Estimating biases using als...
Computing the cosine similarity matrix...
Done computing similarity matrix.
RMSE: 0.9994
------Time:17872 days, 10:44:37.565714, rmse: 0.9996435456058697, k: 80, name: cosine, user_based: False------


Estimating biases using als...
Computing the pearson_baseline similarity matrix...
Done computing similarity matrix.
RMSE: 0.9919
Estimating biases using als...
Computing the pearson_baseline similarity matrix...
Done computing similarity matrix.
RMSE: 0.9962
Estimating biases using als...
Computing the pearson_baseline similarity matrix...
Done computing similarity matrix.
RMSE: 0.9946
Estimating biases using als...
Computing the pearson_baseline similarity matrix...
Done computing similarity matrix.
RMSE: 0.9946
Estimating biases using als...
Computing the pearson_baseline similarity matrix...
Done computing similarity matrix.
RMSE: 0.9925
------Time:17872 days, 11:59:08.889346, rmse: 0.9939835807896424, k: 100, name: pearson_baseline, user_based: True------


Estimating biases using als...
Computing the pearson_baseline similarity matrix...
Done computing similarity matrix.
RMSE: 0.9894
Estimating biases using als...
Computing the pearson_baseline similarity matrix...
Done computing similarity matrix.
RMSE: 0.9920
Estimating biases using als...
Computing the pearson_baseline similarity matrix...
Done computing similarity matrix.
RMSE: 0.9906
Estimating biases using als...
Computing the pearson_baseline similarity matrix...
Done computing similarity matrix.
RMSE: 0.9905
Estimating biases using als...
Computing the pearson_baseline similarity matrix...
Done computing similarity matrix.
RMSE: 0.9886
------Time:17872 days, 12:09:10.825712, rmse: 0.9902320847559991, k: 100, name: pearson_baseline, user_based: False------


Estimating biases using als...
Computing the pearson similarity matrix...
Done computing similarity matrix.
RMSE: 0.9996
Estimating biases using als...
Computing the pearson similarity matrix...
Done computing similarity matrix.
RMSE: 1.0003
Estimating biases using als...
Computing the pearson similarity matrix...
Done computing similarity matrix.
RMSE: 1.0023
Estimating biases using als...
Computing the pearson similarity matrix...
Done computing similarity matrix.
RMSE: 1.0013
Estimating biases using als...
Computing the pearson similarity matrix...
Done computing similarity matrix.
RMSE: 1.0002
------Time:17872 days, 13:30:27.927525, rmse: 1.0007386834466678, k: 100, name: pearson, user_based: True------


Estimating biases using als...
Computing the pearson similarity matrix...
Done computing similarity matrix.
RMSE: 0.9931
Estimating biases using als...
Computing the pearson similarity matrix...
Done computing similarity matrix.
RMSE: 0.9915
Estimating biases using als...
Computing the pearson similarity matrix...
Done computing similarity matrix.
RMSE: 0.9889
Estimating biases using als...
Computing the pearson similarity matrix...
Done computing similarity matrix.
RMSE: 0.9914
Estimating biases using als...
Computing the pearson similarity matrix...
Done computing similarity matrix.
RMSE: 0.9952
------Time:17872 days, 13:41:38.306765, rmse: 0.99204228808187, k: 100, name: pearson, user_based: False------


Estimating biases using als...
Computing the msd similarity matrix...
Done computing similarity matrix.
RMSE: 1.0013
Estimating biases using als...
Computing the msd similarity matrix...
Done computing similarity matrix.
RMSE: 1.0005
Estimating biases using als...
Computing the msd similarity matrix...
Done computing similarity matrix.
RMSE: 1.0019
Estimating biases using als...
Computing the msd similarity matrix...
Done computing similarity matrix.
RMSE: 1.0006
Estimating biases using als...
Computing the msd similarity matrix...
Done computing similarity matrix.
RMSE: 1.0005
------Time:17872 days, 14:44:48.220397, rmse: 1.0009638398210725, k: 100, name: msd, user_based: True------


Estimating biases using als...
Computing the msd similarity matrix...
Done computing similarity matrix.
RMSE: 0.9976
Estimating biases using als...
Computing the msd similarity matrix...
Done computing similarity matrix.
RMSE: 0.9954
Estimating biases using als...
Computing the msd similarity matrix...
Done computing similarity matrix.
RMSE: 0.9955
Estimating biases using als...
Computing the msd similarity matrix...
Done computing similarity matrix.
RMSE: 0.9938
Estimating biases using als...
Computing the msd similarity matrix...
Done computing similarity matrix.
RMSE: 0.9957
------Time:17872 days, 14:55:25.588138, rmse: 0.9956136418778341, k: 100, name: msd, user_based: False------


Estimating biases using als...
Computing the cosine similarity matrix...
Done computing similarity matrix.
RMSE: 1.0026
Estimating biases using als...
Computing the cosine similarity matrix...
Done computing similarity matrix.
RMSE: 1.0050
Estimating biases using als...
Computing the cosine similarity matrix...
Done computing similarity matrix.
RMSE: 1.0016
Estimating biases using als...
Computing the cosine similarity matrix...
Done computing similarity matrix.
RMSE: 1.0026
Estimating biases using als...
Computing the cosine similarity matrix...
Done computing similarity matrix.
RMSE: 1.0027
------Time:17872 days, 16:09:04.148124, rmse: 1.0028803858093756, k: 100, name: cosine, user_based: True------


Estimating biases using als...
Computing the cosine similarity matrix...
Done computing similarity matrix.
RMSE: 0.9989
Estimating biases using als...
Computing the cosine similarity matrix...
Done computing similarity matrix.
RMSE: 1.0001
Estimating biases using als...
Computing the cosine similarity matrix...
Done computing similarity matrix.
RMSE: 0.9978
Estimating biases using als...
Computing the cosine similarity matrix...
Done computing similarity matrix.
RMSE: 1.0004
Estimating biases using als...
Computing the cosine similarity matrix...
Done computing similarity matrix.
RMSE: 1.0007
------Time:17872 days, 16:19:57.804009, rmse: 0.9995953944908018, k: 100, name: cosine, user_based: False------


Estimating biases using als...
Computing the pearson_baseline similarity matrix...
Done computing similarity matrix.
RMSE: 0.9945
Estimating biases using als...
Computing the pearson_baseline similarity matrix...
Done computing similarity matrix.
RMSE: 0.9950
Estimating biases using als...
Computing the pearson_baseline similarity matrix...
Done computing similarity matrix.
RMSE: 0.9940
Estimating biases using als...
Computing the pearson_baseline similarity matrix...
Done computing similarity matrix.
RMSE: 0.9925
Estimating biases using als...
Computing the pearson_baseline similarity matrix...
Done computing similarity matrix.
RMSE: 0.9902
------Time:17872 days, 17:36:20.225199, rmse: 0.9932502770641805, k: 120, name: pearson_baseline, user_based: True------


Estimating biases using als...
Computing the pearson_baseline similarity matrix...
Done computing similarity matrix.
RMSE: 0.9892
Estimating biases using als...
Computing the pearson_baseline similarity matrix...
Done computing similarity matrix.
RMSE: 0.9905
Estimating biases using als...
Computing the pearson_baseline similarity matrix...
Done computing similarity matrix.
RMSE: 0.9910
Estimating biases using als...
Computing the pearson_baseline similarity matrix...
Done computing similarity matrix.
RMSE: 0.9902
Estimating biases using als...
Computing the pearson_baseline similarity matrix...
Done computing similarity matrix.
RMSE: 0.9903
------Time:17872 days, 17:46:14.157411, rmse: 0.9902394672990991, k: 120, name: pearson_baseline, user_based: False------


Estimating biases using als...
Computing the pearson similarity matrix...
Done computing similarity matrix.
RMSE: 0.9981
Estimating biases using als...
Computing the pearson similarity matrix...
Done computing similarity matrix.
RMSE: 1.0003
Estimating biases using als...
Computing the pearson similarity matrix...
Done computing similarity matrix.
RMSE: 1.0002
Estimating biases using als...
Computing the pearson similarity matrix...
Done computing similarity matrix.
RMSE: 0.9993
Estimating biases using als...
Computing the pearson similarity matrix...
Done computing similarity matrix.
RMSE: 0.9990
------Time:17872 days, 19:09:48.592741, rmse: 0.9993966734292361, k: 120, name: pearson, user_based: True------


Estimating biases using als...
Computing the pearson similarity matrix...
Done computing similarity matrix.
RMSE: 0.9922
Estimating biases using als...
Computing the pearson similarity matrix...
Done computing similarity matrix.
RMSE: 0.9925
Estimating biases using als...
Computing the pearson similarity matrix...
Done computing similarity matrix.
RMSE: 0.9932
Estimating biases using als...
Computing the pearson similarity matrix...
Done computing similarity matrix.
RMSE: 0.9919
Estimating biases using als...
Computing the pearson similarity matrix...
Done computing similarity matrix.
RMSE: 0.9900
------Time:17872 days, 19:20:44.614845, rmse: 0.9919799240245967, k: 120, name: pearson, user_based: False------


Estimating biases using als...
Computing the msd similarity matrix...
Done computing similarity matrix.
RMSE: 0.9983
Estimating biases using als...
Computing the msd similarity matrix...
Done computing similarity matrix.
RMSE: 1.0008
Estimating biases using als...
Computing the msd similarity matrix...
Done computing similarity matrix.
RMSE: 0.9991
Estimating biases using als...
Computing the msd similarity matrix...
Done computing similarity matrix.
RMSE: 0.9985
Estimating biases using als...
Computing the msd similarity matrix...
Done computing similarity matrix.
RMSE: 1.0020
------Time:17872 days, 20:27:14.967363, rmse: 0.9997426517854201, k: 120, name: msd, user_based: True------


Estimating biases using als...
Computing the msd similarity matrix...
Done computing similarity matrix.
RMSE: 0.9946
Estimating biases using als...
Computing the msd similarity matrix...
Done computing similarity matrix.
RMSE: 0.9976
Estimating biases using als...
Computing the msd similarity matrix...
Done computing similarity matrix.
RMSE: 0.9950
Estimating biases using als...
Computing the msd similarity matrix...
Done computing similarity matrix.
RMSE: 0.9978
Estimating biases using als...
Computing the msd similarity matrix...
Done computing similarity matrix.
RMSE: 0.9957
------Time:17872 days, 20:38:09.561271, rmse: 0.9961607511223806, k: 120, name: msd, user_based: False------


Estimating biases using als...
Computing the cosine similarity matrix...
Done computing similarity matrix.
RMSE: 1.0012
Estimating biases using als...
Computing the cosine similarity matrix...
Done computing similarity matrix.
RMSE: 1.0008
Estimating biases using als...
Computing the cosine similarity matrix...
Done computing similarity matrix.
RMSE: 1.0032
Estimating biases using als...
Computing the cosine similarity matrix...
Done computing similarity matrix.
RMSE: 1.0020
Estimating biases using als...
Computing the cosine similarity matrix...
Done computing similarity matrix.
RMSE: 1.0001
------Time:17872 days, 21:53:13.332868, rmse: 1.0014624360866489, k: 120, name: cosine, user_based: True------


Estimating biases using als...
Computing the cosine similarity matrix...
Done computing similarity matrix.
RMSE: 0.9988
Estimating biases using als...
Computing the cosine similarity matrix...
Done computing similarity matrix.
RMSE: 0.9993
Estimating biases using als...
Computing the cosine similarity matrix...
Done computing similarity matrix.
RMSE: 1.0009
Estimating biases using als...
Computing the cosine similarity matrix...
Done computing similarity matrix.
RMSE: 0.9982
Estimating biases using als...
Computing the cosine similarity matrix...
Done computing similarity matrix.
RMSE: 1.0006
------Time:17872 days, 22:04:26.107005, rmse: 0.9995681495416191, k: 120, name: cosine, user_based: False------


Estimating biases using als...
Computing the pearson_baseline similarity matrix...
Done computing similarity matrix.
RMSE: 0.9937
Estimating biases using als...
Computing the pearson_baseline similarity matrix...
Done computing similarity matrix.
RMSE: 0.9924
Estimating biases using als...
Computing the pearson_baseline similarity matrix...
Done computing similarity matrix.
RMSE: 0.9931
Estimating biases using als...
Computing the pearson_baseline similarity matrix...
Done computing similarity matrix.
RMSE: 0.9936
Estimating biases using als...
Computing the pearson_baseline similarity matrix...
Done computing similarity matrix.
RMSE: 0.9923
------Time:17872 days, 23:23:35.367587, rmse: 0.9930192434117087, k: 140, name: pearson_baseline, user_based: True------


Estimating biases using als...
Computing the pearson_baseline similarity matrix...
Done computing similarity matrix.
RMSE: 0.9894
Estimating biases using als...
Computing the pearson_baseline similarity matrix...
Done computing similarity matrix.
RMSE: 0.9903
Estimating biases using als...
Computing the pearson_baseline similarity matrix...
Done computing similarity matrix.
RMSE: 0.9900
Estimating biases using als...
Computing the pearson_baseline similarity matrix...
Done computing similarity matrix.
RMSE: 0.9911
Estimating biases using als...
Computing the pearson_baseline similarity matrix...
Done computing similarity matrix.
RMSE: 0.9907
------Time:17872 days, 23:33:08.401310, rmse: 0.9903065440642103, k: 140, name: pearson_baseline, user_based: False------


Estimating biases using als...
Computing the pearson similarity matrix...
Done computing similarity matrix.
RMSE: 0.9966
Estimating biases using als...
Computing the pearson similarity matrix...
Done computing similarity matrix.
RMSE: 0.9977
Estimating biases using als...
Computing the pearson similarity matrix...
Done computing similarity matrix.
RMSE: 1.0007
Estimating biases using als...
Computing the pearson similarity matrix...
Done computing similarity matrix.
RMSE: 1.0004
Estimating biases using als...
Computing the pearson similarity matrix...
Done computing similarity matrix.
RMSE: 0.9973
------Time:17873 days, 0:59:46.046781, rmse: 0.9985228784703336, k: 140, name: pearson, user_based: True------


Estimating biases using als...
Computing the pearson similarity matrix...
Done computing similarity matrix.
RMSE: 0.9925
Estimating biases using als...
Computing the pearson similarity matrix...
Done computing similarity matrix.
RMSE: 0.9923
Estimating biases using als...
Computing the pearson similarity matrix...
Done computing similarity matrix.
RMSE: 0.9926
Estimating biases using als...
Computing the pearson similarity matrix...
Done computing similarity matrix.
RMSE: 0.9895
Estimating biases using als...
Computing the pearson similarity matrix...
Done computing similarity matrix.
RMSE: 0.9932
------Time:17873 days, 1:10:47.152357, rmse: 0.9920105943953196, k: 140, name: pearson, user_based: False------


Estimating biases using als...
Computing the msd similarity matrix...
Done computing similarity matrix.
RMSE: 0.9997
Estimating biases using als...
Computing the msd similarity matrix...
Done computing similarity matrix.
RMSE: 0.9994
Estimating biases using als...
Computing the msd similarity matrix...
Done computing similarity matrix.
RMSE: 1.0000
Estimating biases using als...
Computing the msd similarity matrix...
Done computing similarity matrix.
RMSE: 0.9989
Estimating biases using als...
Computing the msd similarity matrix...
Done computing similarity matrix.
RMSE: 0.9987
------Time:17873 days, 2:19:16.417017, rmse: 0.9993422304930248, k: 140, name: msd, user_based: True------


Estimating biases using als...
Computing the msd similarity matrix...
Done computing similarity matrix.
RMSE: 0.9979
Estimating biases using als...
Computing the msd similarity matrix...
Done computing similarity matrix.
RMSE: 0.9949
Estimating biases using als...
Computing the msd similarity matrix...
Done computing similarity matrix.
RMSE: 0.9953
Estimating biases using als...
Computing the msd similarity matrix...
Done computing similarity matrix.
RMSE: 0.9983
Estimating biases using als...
Computing the msd similarity matrix...
Done computing similarity matrix.
RMSE: 0.9962
------Time:17873 days, 2:30:10.964119, rmse: 0.9965188669474365, k: 140, name: msd, user_based: False------


Estimating biases using als...
Computing the cosine similarity matrix...
Done computing similarity matrix.
RMSE: 1.0010
Estimating biases using als...
Computing the cosine similarity matrix...
Done computing similarity matrix.
RMSE: 1.0000
Estimating biases using als...
Computing the cosine similarity matrix...
Done computing similarity matrix.
RMSE: 1.0002
Estimating biases using als...
Computing the cosine similarity matrix...
Done computing similarity matrix.
RMSE: 1.0004
Estimating biases using als...
Computing the cosine similarity matrix...
Done computing similarity matrix.
RMSE: 1.0015
------Time:17873 days, 3:48:38.823647, rmse: 1.0006208145933413, k: 140, name: cosine, user_based: True------


Estimating biases using als...
Computing the cosine similarity matrix...
Done computing similarity matrix.
RMSE: 1.0013
Estimating biases using als...
Computing the cosine similarity matrix...
Done computing similarity matrix.
RMSE: 0.9993
Estimating biases using als...
Computing the cosine similarity matrix...
Done computing similarity matrix.
RMSE: 1.0004
Estimating biases using als...
Computing the cosine similarity matrix...
Done computing similarity matrix.
RMSE: 0.9976
Estimating biases using als...
Computing the cosine similarity matrix...
Done computing similarity matrix.
RMSE: 0.9997
------Time:17873 days, 3:59:40.821155, rmse: 0.9996542395919411, k: 140, name: cosine, user_based: False------


Estimating biases using als...
Computing the pearson_baseline similarity matrix...
Done computing similarity matrix.
RMSE: 0.9932
Estimating biases using als...
Computing the pearson_baseline similarity matrix...
Done computing similarity matrix.
RMSE: 0.9965
Estimating biases using als...
Computing the pearson_baseline similarity matrix...
Done computing similarity matrix.
RMSE: 0.9928
Estimating biases using als...
Computing the pearson_baseline similarity matrix...
Done computing similarity matrix.
RMSE: 0.9929
Estimating biases using als...
Computing the pearson_baseline similarity matrix...
Done computing similarity matrix.
RMSE: 0.9893
------Time:17873 days, 5:20:39.401584, rmse: 0.9929193874548037, k: 160, name: pearson_baseline, user_based: True------


Estimating biases using als...
Computing the pearson_baseline similarity matrix...
Done computing similarity matrix.
RMSE: 0.9914
Estimating biases using als...
Computing the pearson_baseline similarity matrix...
Done computing similarity matrix.
RMSE: 0.9889
Estimating biases using als...
Computing the pearson_baseline similarity matrix...
Done computing similarity matrix.
RMSE: 0.9909
Estimating biases using als...
Computing the pearson_baseline similarity matrix...
Done computing similarity matrix.
RMSE: 0.9893
Estimating biases using als...
Computing the pearson_baseline similarity matrix...
Done computing similarity matrix.
RMSE: 0.9909
------Time:17873 days, 5:29:52.625253, rmse: 0.9902728147987601, k: 160, name: pearson_baseline, user_based: False------


Estimating biases using als...
Computing the pearson similarity matrix...
Done computing similarity matrix.
RMSE: 1.0001
Estimating biases using als...
Computing the pearson similarity matrix...
Done computing similarity matrix.
RMSE: 0.9970
Estimating biases using als...
Computing the pearson similarity matrix...
Done computing similarity matrix.
RMSE: 0.9984
Estimating biases using als...
Computing the pearson similarity matrix...
Done computing similarity matrix.
RMSE: 0.9958
Estimating biases using als...
Computing the pearson similarity matrix...
Done computing similarity matrix.
RMSE: 0.9989
------Time:17873 days, 6:58:04.725519, rmse: 0.9980412703378164, k: 160, name: pearson, user_based: True------


Estimating biases using als...
Computing the pearson similarity matrix...
Done computing similarity matrix.
RMSE: 0.9928
Estimating biases using als...
Computing the pearson similarity matrix...
Done computing similarity matrix.
RMSE: 0.9909
Estimating biases using als...
Computing the pearson similarity matrix...
Done computing similarity matrix.
RMSE: 0.9926
Estimating biases using als...
Computing the pearson similarity matrix...
Done computing similarity matrix.
RMSE: 0.9927
Estimating biases using als...
Computing the pearson similarity matrix...
Done computing similarity matrix.
RMSE: 0.9922
------Time:17873 days, 7:08:53.137676, rmse: 0.9922431340253421, k: 160, name: pearson, user_based: False------


Estimating biases using als...
Computing the msd similarity matrix...
Done computing similarity matrix.
RMSE: 0.9986
Estimating biases using als...
Computing the msd similarity matrix...
Done computing similarity matrix.
RMSE: 1.0010
Estimating biases using als...
Computing the msd similarity matrix...
Done computing similarity matrix.
RMSE: 0.9978
Estimating biases using als...
Computing the msd similarity matrix...
Done computing similarity matrix.
RMSE: 0.9976
Estimating biases using als...
Computing the msd similarity matrix...
Done computing similarity matrix.
RMSE: 0.9977
------Time:17873 days, 8:19:55.931013, rmse: 0.9985280333359137, k: 160, name: msd, user_based: True------


Estimating biases using als...
Computing the msd similarity matrix...
Done computing similarity matrix.
RMSE: 0.9974
Estimating biases using als...
Computing the msd similarity matrix...
Done computing similarity matrix.
RMSE: 0.9982
Estimating biases using als...
Computing the msd similarity matrix...
Done computing similarity matrix.
RMSE: 0.9965
Estimating biases using als...
Computing the msd similarity matrix...
Done computing similarity matrix.
RMSE: 0.9959
Estimating biases using als...
Computing the msd similarity matrix...
Done computing similarity matrix.
RMSE: 0.9963
------Time:17873 days, 8:30:52.665962, rmse: 0.9968632014715707, k: 160, name: msd, user_based: False------


Estimating biases using als...
Computing the cosine similarity matrix...
Done computing similarity matrix.
RMSE: 1.0018
Estimating biases using als...
Computing the cosine similarity matrix...
Done computing similarity matrix.
RMSE: 1.0012
Estimating biases using als...
Computing the cosine similarity matrix...
Done computing similarity matrix.
RMSE: 0.9982
Estimating biases using als...
Computing the cosine similarity matrix...
Done computing similarity matrix.
RMSE: 0.9978
Estimating biases using als...
Computing the cosine similarity matrix...
Done computing similarity matrix.
RMSE: 1.0010
------Time:17873 days, 9:52:01.629788, rmse: 0.999990603865086, k: 160, name: cosine, user_based: True------


Estimating biases using als...
Computing the cosine similarity matrix...
Done computing similarity matrix.
RMSE: 0.9982
Estimating biases using als...
Computing the cosine similarity matrix...
Done computing similarity matrix.
RMSE: 1.0000
Estimating biases using als...
Computing the cosine similarity matrix...
Done computing similarity matrix.
RMSE: 0.9995
Estimating biases using als...
Computing the cosine similarity matrix...
Done computing similarity matrix.
RMSE: 1.0006
Estimating biases using als...
Computing the cosine similarity matrix...
Done computing similarity matrix.
RMSE: 1.0005
------Time:17873 days, 10:03:08.196994, rmse: 0.9997480416276148, k: 160, name: cosine, user_based: False------


Estimating biases using als...
Computing the pearson_baseline similarity matrix...
Done computing similarity matrix.
RMSE: 0.9930
Estimating biases using als...
Computing the pearson_baseline similarity matrix...
Done computing similarity matrix.
RMSE: 0.9910
Estimating biases using als...
Computing the pearson_baseline similarity matrix...
Done computing similarity matrix.
RMSE: 0.9908
Estimating biases using als...
Computing the pearson_baseline similarity matrix...
Done computing similarity matrix.
RMSE: 0.9938
Estimating biases using als...
Computing the pearson_baseline similarity matrix...
Done computing similarity matrix.
RMSE: 0.9948
------Time:17873 days, 11:27:39.818927, rmse: 0.9926678579803703, k: 180, name: pearson_baseline, user_based: True------


Estimating biases using als...
Computing the pearson_baseline similarity matrix...
Done computing similarity matrix.
RMSE: 0.9916
Estimating biases using als...
Computing the pearson_baseline similarity matrix...
Done computing similarity matrix.
RMSE: 0.9914
Estimating biases using als...
Computing the pearson_baseline similarity matrix...
Done computing similarity matrix.
RMSE: 0.9907
Estimating biases using als...
Computing the pearson_baseline similarity matrix...
Done computing similarity matrix.
RMSE: 0.9908
Estimating biases using als...
Computing the pearson_baseline similarity matrix...
Done computing similarity matrix.
RMSE: 0.9874
------Time:17873 days, 11:36:49.848955, rmse: 0.9903817041604894, k: 180, name: pearson_baseline, user_based: False------


Estimating biases using als...
Computing the pearson similarity matrix...
Done computing similarity matrix.
RMSE: 0.9979
Estimating biases using als...
Computing the pearson similarity matrix...
Done computing similarity matrix.
RMSE: 0.9979
Estimating biases using als...
Computing the pearson similarity matrix...
Done computing similarity matrix.
RMSE: 0.9975
Estimating biases using als...
Computing the pearson similarity matrix...
Done computing similarity matrix.
RMSE: 0.9959
Estimating biases using als...
Computing the pearson similarity matrix...
Done computing similarity matrix.
RMSE: 0.9985
------Time:17873 days, 13:07:58.198566, rmse: 0.997558276914664, k: 180, name: pearson, user_based: True------


Estimating biases using als...
Computing the pearson similarity matrix...
Done computing similarity matrix.
RMSE: 0.9915
Estimating biases using als...
Computing the pearson similarity matrix...
Done computing similarity matrix.
RMSE: 0.9921
Estimating biases using als...
Computing the pearson similarity matrix...
Done computing similarity matrix.
RMSE: 0.9925
Estimating biases using als...
Computing the pearson similarity matrix...
Done computing similarity matrix.
RMSE: 0.9925
Estimating biases using als...
Computing the pearson similarity matrix...
Done computing similarity matrix.
RMSE: 0.9927
------Time:17873 days, 13:18:46.888605, rmse: 0.992260341921674, k: 180, name: pearson, user_based: False------


Estimating biases using als...
Computing the msd similarity matrix...
Done computing similarity matrix.
RMSE: 0.9971
Estimating biases using als...
Computing the msd similarity matrix...
Done computing similarity matrix.
RMSE: 0.9981
Estimating biases using als...
Computing the msd similarity matrix...
Done computing similarity matrix.
RMSE: 0.9993
Estimating biases using als...
Computing the msd similarity matrix...
Done computing similarity matrix.
RMSE: 0.9986
Estimating biases using als...
Computing the msd similarity matrix...
Done computing similarity matrix.
RMSE: 0.9976
------Time:17873 days, 14:33:07.971871, rmse: 0.9981247589758075, k: 180, name: msd, user_based: True------


Estimating biases using als...
Computing the msd similarity matrix...
Done computing similarity matrix.
RMSE: 0.9985
Estimating biases using als...
Computing the msd similarity matrix...
Done computing similarity matrix.
RMSE: 0.9969
Estimating biases using als...
Computing the msd similarity matrix...
Done computing similarity matrix.
RMSE: 0.9959
Estimating biases using als...
Computing the msd similarity matrix...
Done computing similarity matrix.
RMSE: 0.9992
Estimating biases using als...
Computing the msd similarity matrix...
Done computing similarity matrix.
RMSE: 0.9951
------Time:17873 days, 14:43:58.410836, rmse: 0.9971295080434099, k: 180, name: msd, user_based: False------


Estimating biases using als...
Computing the cosine similarity matrix...
Done computing similarity matrix.
RMSE: 0.9996
Estimating biases using als...
Computing the cosine similarity matrix...
Done computing similarity matrix.
RMSE: 0.9978
Estimating biases using als...
Computing the cosine similarity matrix...
Done computing similarity matrix.
RMSE: 1.0011
Estimating biases using als...
Computing the cosine similarity matrix...
Done computing similarity matrix.
RMSE: 0.9993
Estimating biases using als...
Computing the cosine similarity matrix...
Done computing similarity matrix.
RMSE: 0.9985
------Time:17873 days, 16:07:20.778615, rmse: 0.9992962335291169, k: 180, name: cosine, user_based: True------


Estimating biases using als...
Computing the cosine similarity matrix...
Done computing similarity matrix.
RMSE: 0.9985
Estimating biases using als...
Computing the cosine similarity matrix...
Done computing similarity matrix.
RMSE: 1.0008
Estimating biases using als...
Computing the cosine similarity matrix...
Done computing similarity matrix.
RMSE: 0.9979
Estimating biases using als...
Computing the cosine similarity matrix...
Done computing similarity matrix.
RMSE: 1.0046
Estimating biases using als...
Computing the cosine similarity matrix...
Done computing similarity matrix.
RMSE: 0.9974
------Time:17873 days, 16:18:31.005277, rmse: 0.9998303975401008, k: 180, name: cosine, user_based: False------


Estimating biases using als...
Computing the pearson_baseline similarity matrix...
Done computing similarity matrix.
RMSE: 0.9921
Estimating biases using als...
Computing the pearson_baseline similarity matrix...
Done computing similarity matrix.
RMSE: 0.9933
Estimating biases using als...
Computing the pearson_baseline similarity matrix...
Done computing similarity matrix.
RMSE: 0.9942
Estimating biases using als...
Computing the pearson_baseline similarity matrix...
Done computing similarity matrix.
RMSE: 0.9903
Estimating biases using als...
Computing the pearson_baseline similarity matrix...
Done computing similarity matrix.
RMSE: 0.9931
------Time:17873 days, 17:45:09.738071, rmse: 0.9926139834159293, k: 200, name: pearson_baseline, user_based: True------


Estimating biases using als...
Computing the pearson_baseline similarity matrix...
Done computing similarity matrix.
RMSE: 0.9924
Estimating biases using als...
Computing the pearson_baseline similarity matrix...
Done computing similarity matrix.
RMSE: 0.9889
Estimating biases using als...
Computing the pearson_baseline similarity matrix...
Done computing similarity matrix.
RMSE: 0.9901
Estimating biases using als...
Computing the pearson_baseline similarity matrix...
Done computing similarity matrix.
RMSE: 0.9908
Estimating biases using als...
Computing the pearson_baseline similarity matrix...
Done computing similarity matrix.
RMSE: 0.9890
------Time:17873 days, 17:54:01.266138, rmse: 0.990236194715797, k: 200, name: pearson_baseline, user_based: False------


Estimating biases using als...
Computing the pearson similarity matrix...
Done computing similarity matrix.
RMSE: 0.9948
Estimating biases using als...
Computing the pearson similarity matrix...
Done computing similarity matrix.
RMSE: 0.9978
Estimating biases using als...
Computing the pearson similarity matrix...
Done computing similarity matrix.
RMSE: 0.9987
Estimating biases using als...
Computing the pearson similarity matrix...
Done computing similarity matrix.
RMSE: 0.9990
Estimating biases using als...
Computing the pearson similarity matrix...
Done computing similarity matrix.
RMSE: 0.9961
------Time:17873 days, 19:27:59.240854, rmse: 0.9972725134874221, k: 200, name: pearson, user_based: True------


Estimating biases using als...
Computing the pearson similarity matrix...
Done computing similarity matrix.
RMSE: 0.9921
Estimating biases using als...
Computing the pearson similarity matrix...
Done computing similarity matrix.
RMSE: 0.9918
Estimating biases using als...
Computing the pearson similarity matrix...
Done computing similarity matrix.
RMSE: 0.9927
Estimating biases using als...
Computing the pearson similarity matrix...
Done computing similarity matrix.
RMSE: 0.9920
Estimating biases using als...
Computing the pearson similarity matrix...
Done computing similarity matrix.
RMSE: 0.9920
------Time:17873 days, 19:38:33.459581, rmse: 0.9921148637283126, k: 200, name: pearson, user_based: False------


Estimating biases using als...
Computing the msd similarity matrix...
Done computing similarity matrix.
RMSE: 0.9990
Estimating biases using als...
Computing the msd similarity matrix...
Done computing similarity matrix.
RMSE: 0.9959
Estimating biases using als...
Computing the msd similarity matrix...
Done computing similarity matrix.
RMSE: 0.9984
Estimating biases using als...
Computing the msd similarity matrix...
Done computing similarity matrix.
RMSE: 0.9985
Estimating biases using als...
Computing the msd similarity matrix...
Done computing similarity matrix.
RMSE: 0.9972
------Time:17873 days, 20:55:41.066796, rmse: 0.9977995228352665, k: 200, name: msd, user_based: True------


Estimating biases using als...
Computing the msd similarity matrix...
Done computing similarity matrix.
RMSE: 0.9992
Estimating biases using als...
Computing the msd similarity matrix...
Done computing similarity matrix.
RMSE: 0.9969
Estimating biases using als...
Computing the msd similarity matrix...
Done computing similarity matrix.
RMSE: 0.9983
Estimating biases using als...
Computing the msd similarity matrix...
Done computing similarity matrix.
RMSE: 0.9982
Estimating biases using als...
Computing the msd similarity matrix...
Done computing similarity matrix.
RMSE: 0.9942
------Time:17873 days, 21:06:27.051697, rmse: 0.9973586170560292, k: 200, name: msd, user_based: False------


Estimating biases using als...
Computing the cosine similarity matrix...
Done computing similarity matrix.
RMSE: 0.9996
Estimating biases using als...
Computing the cosine similarity matrix...
Done computing similarity matrix.
RMSE: 0.9998
Estimating biases using als...
Computing the cosine similarity matrix...
Done computing similarity matrix.
RMSE: 0.9960
Estimating biases using als...
Computing the cosine similarity matrix...
Done computing similarity matrix.
RMSE: 0.9997
Estimating biases using als...
Computing the cosine similarity matrix...
Done computing similarity matrix.
RMSE: 1.0010
------Time:17873 days, 22:32:02.841975, rmse: 0.9992229590270748, k: 200, name: cosine, user_based: True------


Estimating biases using als...
Computing the cosine similarity matrix...
Done computing similarity matrix.
RMSE: 1.0008
Estimating biases using als...
Computing the cosine similarity matrix...
Done computing similarity matrix.
RMSE: 0.9994
Estimating biases using als...
Computing the cosine similarity matrix...
Done computing similarity matrix.
RMSE: 0.9991
Estimating biases using als...
Computing the cosine similarity matrix...
Done computing similarity matrix.
RMSE: 0.9998
Estimating biases using als...
Computing the cosine similarity matrix...
Done computing similarity matrix.
RMSE: 1.0005
------Time:17873 days, 22:43:02.319317, rmse: 0.9999101681815002, k: 200, name: cosine, user_based: False------


Best knn rmse: 0.9902320847559991. Params: k: 200, name: cosine, user_based: False
